<?xml version="1.0" encoding="UTF-8"?>
<!-- Generated by org.testng.reporters.JUnitXMLReporter -->
<testsuite ignored="0" hostname="wel-PC" failures="0" tests="2" name="Default test" time="33.492" errors="0" timestamp="2022-12-02T17:12:08 IST">
  <testcase classname="neostoxTest.ValidateNeostoxUsernameBalanceWithListener" name="validateBalance" time="0.114"/>
  <testcase classname="neostoxTest.ValidateNeostoxUsernameBalanceWithListener" name="validateUserName" time="0.874"/>
</testsuite> <!-- Default test -->
